<?xml version="1.0" encoding="UTF-8"?>
<testsuite xmlns:xsi="http://www.w3.org/2001/XMLSchema-instance" xsi:noNamespaceSchemaLocation="https://maven.apache.org/surefire/maven-surefire-plugin/xsd/surefire-test-report-3.0.xsd" version="3.0" name="apiTestPlaywright.APITest" time="1.288" tests="1" errors="0" skipped="0" failures="0">
  <properties>
    <property name="java.specification.version" value="17"/>
    <property name="sun.jnu.encoding" value="UTF-8"/>
    <property name="java.class.path" value="/home/siebrasse/eclipse-workspace/apiTestPlaywright/target/test-classes:/home/siebrasse/eclipse-workspace/apiTestPlaywright/target/classes:/home/siebrasse/.m2/repository/com/microsoft/playwright/playwright/1.42.0/playwright-1.42.0.jar:/home/siebrasse/.m2/repository/org/opentest4j/opentest4j/1.3.0/opentest4j-1.3.0.jar:/home/siebrasse/.m2/repository/com/microsoft/playwright/driver/1.42.0/driver-1.42.0.jar:/home/siebrasse/.m2/repository/com/microsoft/playwright/driver-bundle/1.42.0/driver-bundle-1.42.0.jar:/home/siebrasse/.m2/repository/org/testng/testng/7.5/testng-7.5.jar:/home/siebrasse/.m2/repository/com/google/code/findbugs/jsr305/3.0.1/jsr305-3.0.1.jar:/home/siebrasse/.m2/repository/org/slf4j/slf4j-api/1.7.32/slf4j-api-1.7.32.jar:/home/siebrasse/.m2/repository/com/beust/jcommander/1.78/jcommander-1.78.jar:/home/siebrasse/.m2/repository/org/webjars/jquery/3.5.1/jquery-3.5.1.jar:/home/siebrasse/.m2/repository/org/testng/reportng/1.2.2/reportng-1.2.2.jar:/home/siebrasse/.m2/repository/org/freemarker/freemarker/2.3.28/freemarker-2.3.28.jar:/home/siebrasse/.m2/repository/com/google/inject/guice/4.2.0/guice-4.2.0.jar:/home/siebrasse/.m2/repository/javax/inject/javax.inject/1/javax.inject-1.jar:/home/siebrasse/.m2/repository/aopalliance/aopalliance/1.0/aopalliance-1.0.jar:/home/siebrasse/.m2/repository/com/google/guava/guava/23.6-android/guava-23.6-android.jar:/home/siebrasse/.m2/repository/org/checkerframework/checker-compat-qual/2.0.0/checker-compat-qual-2.0.0.jar:/home/siebrasse/.m2/repository/com/google/errorprone/error_prone_annotations/2.1.3/error_prone_annotations-2.1.3.jar:/home/siebrasse/.m2/repository/com/google/j2objc/j2objc-annotations/1.1/j2objc-annotations-1.1.jar:/home/siebrasse/.m2/repository/org/codehaus/mojo/animal-sniffer-annotations/1.14/animal-sniffer-annotations-1.14.jar:/home/siebrasse/.m2/repository/com/google/code/gson/gson/2.10.1/gson-2.10.1.jar:"/>
    <property name="java.vm.vendor" value="Debian"/>
    <property name="sun.arch.data.model" value="64"/>
    <property name="java.vendor.url" value="https://tracker.debian.org/openjdk-17"/>
    <property name="user.timezone" value="Europe/Amsterdam"/>
    <property name="os.name" value="Linux"/>
    <property name="java.vm.specification.version" value="17"/>
    <property name="sun.java.launcher" value="SUN_STANDARD"/>
    <property name="user.country" value="US"/>
    <property name="sun.boot.library.path" value="/usr/lib/jvm/java-17-openjdk-amd64/lib"/>
    <property name="sun.java.command" value="/home/siebrasse/eclipse-workspace/apiTestPlaywright/target/surefire/surefirebooter-20240503091119398_3.jar /home/siebrasse/eclipse-workspace/apiTestPlaywright/target/surefire 2024-05-03T09-11-19_332-jvmRun1 surefire-20240503091119398_1tmp surefire_0-20240503091119398_2tmp"/>
    <property name="jdk.debug" value="release"/>
    <property name="surefire.test.class.path" value="/home/siebrasse/eclipse-workspace/apiTestPlaywright/target/test-classes:/home/siebrasse/eclipse-workspace/apiTestPlaywright/target/classes:/home/siebrasse/.m2/repository/com/microsoft/playwright/playwright/1.42.0/playwright-1.42.0.jar:/home/siebrasse/.m2/repository/org/opentest4j/opentest4j/1.3.0/opentest4j-1.3.0.jar:/home/siebrasse/.m2/repository/com/microsoft/playwright/driver/1.42.0/driver-1.42.0.jar:/home/siebrasse/.m2/repository/com/microsoft/playwright/driver-bundle/1.42.0/driver-bundle-1.42.0.jar:/home/siebrasse/.m2/repository/org/testng/testng/7.5/testng-7.5.jar:/home/siebrasse/.m2/repository/com/google/code/findbugs/jsr305/3.0.1/jsr305-3.0.1.jar:/home/siebrasse/.m2/repository/org/slf4j/slf4j-api/1.7.32/slf4j-api-1.7.32.jar:/home/siebrasse/.m2/repository/com/beust/jcommander/1.78/jcommander-1.78.jar:/home/siebrasse/.m2/repository/org/webjars/jquery/3.5.1/jquery-3.5.1.jar:/home/siebrasse/.m2/repository/org/testng/reportng/1.2.2/reportng-1.2.2.jar:/home/siebrasse/.m2/repository/org/freemarker/freemarker/2.3.28/freemarker-2.3.28.jar:/home/siebrasse/.m2/repository/com/google/inject/guice/4.2.0/guice-4.2.0.jar:/home/siebrasse/.m2/repository/javax/inject/javax.inject/1/javax.inject-1.jar:/home/siebrasse/.m2/repository/aopalliance/aopalliance/1.0/aopalliance-1.0.jar:/home/siebrasse/.m2/repository/com/google/guava/guava/23.6-android/guava-23.6-android.jar:/home/siebrasse/.m2/repository/org/checkerframework/checker-compat-qual/2.0.0/checker-compat-qual-2.0.0.jar:/home/siebrasse/.m2/repository/com/google/errorprone/error_prone_annotations/2.1.3/error_prone_annotations-2.1.3.jar:/home/siebrasse/.m2/repository/com/google/j2objc/j2objc-annotations/1.1/j2objc-annotations-1.1.jar:/home/siebrasse/.m2/repository/org/codehaus/mojo/animal-sniffer-annotations/1.14/animal-sniffer-annotations-1.14.jar:/home/siebrasse/.m2/repository/com/google/code/gson/gson/2.10.1/gson-2.10.1.jar:"/>
    <property name="sun.cpu.endian" value="little"/>
    <property name="user.home" value="/home/siebrasse"/>
    <property name="user.language" value="en"/>
    <property name="java.specification.vendor" value="Oracle Corporation"/>
    <property name="java.version.date" value="2024-04-16"/>
    <property name="java.home" value="/usr/lib/jvm/java-17-openjdk-amd64"/>
    <property name="file.separator" value="/"/>
    <property name="style.color" value="always"/>
    <property name="basedir" value="/home/siebrasse/eclipse-workspace/apiTestPlaywright"/>
    <property name="java.vm.compressedOopsMode" value="32-bit"/>
    <property name="line.separator" value="&#10;"/>
    <property name="java.vm.specification.vendor" value="Oracle Corporation"/>
    <property name="java.specification.name" value="Java Platform API Specification"/>
    <property name="surefire.real.class.path" value="/home/siebrasse/eclipse-workspace/apiTestPlaywright/target/surefire/surefirebooter-20240503091119398_3.jar"/>
    <property name="sun.management.compiler" value="HotSpot 64-Bit Tiered Compilers"/>
    <property name="java.runtime.version" value="17.0.11+9-Debian-1deb12u1"/>
    <property name="user.name" value="siebrasse"/>
    <property name="path.separator" value=":"/>
    <property name="os.version" value="6.1.0-20-amd64"/>
    <property name="java.runtime.name" value="OpenJDK Runtime Environment"/>
    <property name="file.encoding" value="UTF-8"/>
    <property name="java.vm.name" value="OpenJDK 64-Bit Server VM"/>
    <property name="localRepository" value="/home/siebrasse/.m2/repository"/>
    <property name="java.vendor.url.bug" value="https://bugs.debian.org/openjdk-17"/>
    <property name="java.io.tmpdir" value="/tmp"/>
    <property name="java.version" value="17.0.11"/>
    <property name="user.dir" value="/home/siebrasse/eclipse-workspace/apiTestPlaywright"/>
    <property name="os.arch" value="amd64"/>
    <property name="java.vm.specification.name" value="Java Virtual Machine Specification"/>
    <property name="native.encoding" value="UTF-8"/>
    <property name="java.library.path" value="/usr/java/packages/lib:/usr/lib/x86_64-linux-gnu/jni:/lib/x86_64-linux-gnu:/usr/lib/x86_64-linux-gnu:/usr/lib/jni:/lib:/usr/lib"/>
    <property name="java.vm.info" value="mixed mode, sharing"/>
    <property name="java.vendor" value="Debian"/>
    <property name="java.vm.version" value="17.0.11+9-Debian-1deb12u1"/>
    <property name="sun.io.unicode.encoding" value="UnicodeLittle"/>
    <property name="java.class.version" value="61.0"/>
  </properties>
  <testcase name="testAPISogetiLeasingServices" classname="apiTestPlaywright.APITest" time="0.027">
    <system-err><![CDATA[SLF4J: Failed to load class "org.slf4j.impl.StaticLoggerBinder".
SLF4J: Defaulting to no-operation (NOP) logger implementation
SLF4J: See http://www.slf4j.org/codes.html#StaticLoggerBinder for further details.
]]></system-err>
  </testcase>
</testsuite>