<?xml version="1.0" encoding="UTF-8"?>
<!-- Generated by org.testng.reporters.JUnitReportReporter -->
<testsuite hostname="debian" failures="0" tests="1" name="apiTestPlaywright.APITest" time="0.027" errors="0" timestamp="2024-05-03T09:11:20 CEST" skipped="0">
  <testcase classname="apiTestPlaywright.APITest" name="testAPISogetiLeasingServices" time="0.027"/>
  <system-out/>
</testsuite> <!-- apiTestPlaywright.APITest -->
